# JRE version: OpenJDK Runtime Environment (8.0_242-b01) (build 1.8.0_242-release-1644-b01)
# Java VM: OpenJDK 64-Bit Server VM (25.242-b01 mixed mode windows-amd64 compressed oops)
Heap:
 PSYoungGen      total 387584K, used 5435K [0x00000000e0000000, 0x0000000100000000, 0x0000000100000000)
  eden space 249344K, 0% used [0x00000000e0000000,0x00000000e0000000,0x00000000ef380000)
  from space 138240K, 3% used [0x00000000f7900000,0x00000000f7e4ecb8,0x0000000100000000)
  to   space 136704K, 0% used [0x00000000ef380000,0x00000000ef380000,0x00000000f7900000)
 ParOldGen       total 328704K, used 324915K [0x00000000a0000000, 0x00000000b4100000, 0x00000000e0000000)
  object space 328704K, 98% used [0x00000000a0000000,0x00000000b3d4cfc0,0x00000000b4100000)
 Metaspace       used 237965K, capacity 249092K, committed 249752K, reserved 1269760K
  class space    used 28279K, capacity 30271K, committed 30384K, reserved 1048576K
GC Heap History (10 events):
Event: 11142.625 GC heap after
Heap after GC invocations=151 (full 9):
 PSYoungGen      total 391168K, used 74073K [0x00000000e0000000, 0x0000000100000000, 0x0000000100000000)
  eden space 264192K, 0% used [0x00000000e0000000,0x00000000e0000000,0x00000000f0200000)
  from space 126976K, 58% used [0x00000000f8400000,0x00000000fcc56450,0x0000000100000000)
  to   space 130048K, 0% used [0x00000000f0200000,0x00000000f0200000,0x00000000f8100000)
 ParOldGen       total 328704K, used 286251K [0x00000000a0000000, 0x00000000b4100000, 0x00000000e0000000)
  object space 328704K, 87% used [0x00000000a0000000,0x00000000b178ae30,0x00000000b4100000)
 Metaspace       used 231340K, capacity 242390K, committed 243096K, reserved 1263616K
  class space    used 27536K, capacity 29500K, committed 29616K, reserved 1048576K
}
Event: 11338.633 GC heap before
{Heap before GC invocations=152 (full 9):
 PSYoungGen      total 391168K, used 338265K [0x00000000e0000000, 0x0000000100000000, 0x0000000100000000)
  eden space 264192K, 100% used [0x00000000e0000000,0x00000000f0200000,0x00000000f0200000)
  from space 126976K, 58% used [0x00000000f8400000,0x00000000fcc56450,0x0000000100000000)
  to   space 130048K, 0% used [0x00000000f0200000,0x00000000f0200000,0x00000000f8100000)
 ParOldGen       total 328704K, used 286251K [0x00000000a0000000, 0x00000000b4100000, 0x00000000e0000000)
  object space 328704K, 87% used [0x00000000a0000000,0x00000000b178ae30,0x00000000b4100000)
 Metaspace       used 231375K, capacity 242454K, committed 243096K, reserved 1263616K
  class space    used 27536K, capacity 29500K, committed 29616K, reserved 1048576K
Event: 11338.663 GC heap after
Heap after GC invocations=152 (full 9):
 PSYoungGen      total 293376K, used 29123K [0x00000000e0000000, 0x00000000ff900000, 0x0000000100000000)
  eden space 264192K, 0% used [0x00000000e0000000,0x00000000e0000000,0x00000000f0200000)
  from space 29184K, 99% used [0x00000000f0200000,0x00000000f1e70f48,0x00000000f1e80000)
  to   space 124928K, 0% used [0x00000000f7f00000,0x00000000f7f00000,0x00000000ff900000)
 ParOldGen       total 328704K, used 289323K [0x00000000a0000000, 0x00000000b4100000, 0x00000000e0000000)
  object space 328704K, 88% used [0x00000000a0000000,0x00000000b1a8aea0,0x00000000b4100000)
 Metaspace       used 231375K, capacity 242454K, committed 243096K, reserved 1263616K
  class space    used 27536K, capacity 29500K, committed 29616K, reserved 1048576K
}
Event: 11344.587 GC heap before
{Heap before GC invocations=153 (full 9):
 PSYoungGen      total 293376K, used 293315K [0x00000000e0000000, 0x00000000ff900000, 0x0000000100000000)
  eden space 264192K, 100% used [0x00000000e0000000,0x00000000f0200000,0x00000000f0200000)
  from space 29184K, 99% used [0x00000000f0200000,0x00000000f1e70f48,0x00000000f1e80000)
  to   space 124928K, 0% used [0x00000000f7f00000,0x00000000f7f00000,0x00000000ff900000)
 ParOldGen       total 328704K, used 289323K [0x00000000a0000000, 0x00000000b4100000, 0x00000000e0000000)
  object space 328704K, 88% used [0x00000000a0000000,0x00000000b1a8aea0,0x00000000b4100000)
 Metaspace       used 231439K, capacity 242474K, committed 243096K, reserved 1263616K
  class space    used 27539K, capacity 29504K, committed 29616K, reserved 1048576K
Event: 11344.611 GC heap after
Heap after GC invocations=153 (full 9):
 PSYoungGen      total 394752K, used 11179K [0x00000000e0000000, 0x0000000100000000, 0x0000000100000000)
  eden space 269824K, 0% used [0x00000000e0000000,0x00000000e0000000,0x00000000f0780000)
  from space 124928K, 8% used [0x00000000f7f00000,0x00000000f89ead80,0x00000000ff900000)
  to   space 122368K, 0% used [0x00000000f0780000,0x00000000f0780000,0x00000000f7f00000)
 ParOldGen       total 328704K, used 299184K [0x00000000a0000000, 0x00000000b4100000, 0x00000000e0000000)
  object space 328704K, 91% used [0x00000000a0000000,0x00000000b242c3c8,0x00000000b4100000)
 Metaspace       used 231439K, capacity 242474K, committed 243096K, reserved 1263616K
  class space    used 27539K, capacity 29504K, committed 29616K, reserved 1048576K
}
Event: 11346.578 GC heap before
{Heap before GC invocations=154 (full 9):
 PSYoungGen      total 394752K, used 281003K [0x00000000e0000000, 0x0000000100000000, 0x0000000100000000)
  eden space 269824K, 100% used [0x00000000e0000000,0x00000000f0780000,0x00000000f0780000)
  from space 124928K, 8% used [0x00000000f7f00000,0x00000000f89ead80,0x00000000ff900000)
  to   space 122368K, 0% used [0x00000000f0780000,0x00000000f0780000,0x00000000f7f00000)
 ParOldGen       total 328704K, used 299184K [0x00000000a0000000, 0x00000000b4100000, 0x00000000e0000000)
  object space 328704K, 91% used [0x00000000a0000000,0x00000000b242c3c8,0x00000000b4100000)
 Metaspace       used 237942K, capacity 249072K, committed 249752K, reserved 1269760K
  class space    used 28277K, capacity 30267K, committed 30384K, reserved 1048576K
Event: 11346.737 GC heap after
Heap after GC invocations=154 (full 9):
 PSYoungGen      total 376320K, used 106098K [0x00000000e0000000, 0x0000000100000000, 0x0000000100000000)
  eden space 269824K, 0% used [0x00000000e0000000,0x00000000e0000000,0x00000000f0780000)
  from space 106496K, 99% used [0x00000000f0780000,0x00000000f6f1c880,0x00000000f6f80000)
  to   space 138240K, 0% used [0x00000000f7900000,0x00000000f7900000,0x0000000100000000)
 ParOldGen       total 328704K, used 307802K [0x00000000a0000000, 0x00000000b4100000, 0x00000000e0000000)
  object space 328704K, 93% used [0x00000000a0000000,0x00000000b2c96880,0x00000000b4100000)
 Metaspace       used 237942K, capacity 249072K, committed 249752K, reserved 1269760K
  class space    used 28277K, capacity 30267K, committed 30384K, reserved 1048576K
}
Event: 11350.841 GC heap before
{Heap before GC invocations=155 (full 9):
 PSYoungGen      total 376320K, used 375922K [0x00000000e0000000, 0x0000000100000000, 0x0000000100000000)
  eden space 269824K, 100% used [0x00000000e0000000,0x00000000f0780000,0x00000000f0780000)
  from space 106496K, 99% used [0x00000000f0780000,0x00000000f6f1c880,0x00000000f6f80000)
  to   space 138240K, 0% used [0x00000000f7900000,0x00000000f7900000,0x0000000100000000)
 ParOldGen       total 328704K, used 307802K [0x00000000a0000000, 0x00000000b4100000, 0x00000000e0000000)
  object space 328704K, 93% used [0x00000000a0000000,0x00000000b2c96880,0x00000000b4100000)
 Metaspace       used 237965K, capacity 249092K, committed 249752K, reserved 1269760K
  class space    used 28279K, capacity 30271K, committed 30384K, reserved 1048576K
Event: 11350.875 GC heap after
Heap after GC invocations=155 (full 9):
 PSYoungGen      total 387584K, used 5435K [0x00000000e0000000, 0x0000000100000000, 0x0000000100000000)
  eden space 249344K, 0% used [0x00000000e0000000,0x00000000e0000000,0x00000000ef380000)
  from space 138240K, 3% used [0x00000000f7900000,0x00000000f7e4ecb8,0x0000000100000000)
  to   space 136704K, 0% used [0x00000000ef380000,0x00000000ef380000,0x00000000f7900000)
 ParOldGen       total 328704K, used 324915K [0x00000000a0000000, 0x00000000b4100000, 0x00000000e0000000)
  object space 328704K, 98% used [0x00000000a0000000,0x00000000b3d4cfc0,0x00000000b4100000)
 Metaspace       used 237965K, capacity 249092K, committed 249752K, reserved 1269760K
  class space    used 28279K, capacity 30271K, committed 30384K, reserved 1048576K
}
Event: 11350.875 GC heap before
{Heap before GC invocations=156 (full 10):
 PSYoungGen      total 387584K, used 5435K [0x00000000e0000000, 0x0000000100000000, 0x0000000100000000)
  eden space 249344K, 0% used [0x00000000e0000000,0x00000000e0000000,0x00000000ef380000)
  from space 138240K, 3% used [0x00000000f7900000,0x00000000f7e4ecb8,0x0000000100000000)
  to   space 136704K, 0% used [0x00000000ef380000,0x00000000ef380000,0x00000000f7900000)
 ParOldGen       total 328704K, used 324915K [0x00000000a0000000, 0x00000000b4100000, 0x00000000e0000000)
  object space 328704K, 98% used [0x00000000a0000000,0x00000000b3d4cfc0,0x00000000b4100000)
 Metaspace       used 237965K, capacity 249092K, committed 249752K, reserved 1269760K
  class space    used 28279K, capacity 30271K, committed 30384K, reserved 1048576K

